0 verbose cli /usr/local/bin/node /usr/local/bin/npm
1 info using npm@9.8.1
2 info using node@v18.18.0
3 timing npm:load:whichnode Completed in 1ms
4 timing config:load:defaults Completed in 1ms
5 timing config:load:file:/usr/local/lib/node_modules/npm/npmrc Completed in 1ms
6 timing config:load:builtin Completed in 1ms
7 timing config:load:cli Completed in 1ms
8 timing config:load:env Completed in 0ms
9 timing config:load:file:/Users/subhrakantabehera/Downloads/DineSmart 2/.npmrc Completed in 0ms
10 timing config:load:project Completed in 2ms
11 timing config:load:file:/Users/subhrakantabehera/.npmrc Completed in 1ms
12 timing config:load:user Completed in 1ms
13 timing config:load:file:/usr/local/etc/npmrc Completed in 0ms
14 timing config:load:global Completed in 0ms
15 timing config:load:setEnvs Completed in 0ms
16 timing config:load Completed in 6ms
17 timing npm:load:configload Completed in 6ms
18 timing config:load:flatten Completed in 2ms
19 timing npm:load:mkdirpcache Completed in 0ms
20 timing npm:load:mkdirplogs Completed in 0ms
21 verbose title npm run db:generate
22 verbose argv "run" "db:generate" "--workspace" "packages/api"
23 timing npm:load:setTitle Completed in 8ms
24 timing npm:load:display Completed in 0ms
25 verbose logfile logs-max:10 dir:/Users/subhrakantabehera/Downloads/DineSmart 2/.npm-cache/_logs/2026-04-12T16_14_09_742Z-
26 verbose logfile /Users/subhrakantabehera/Downloads/DineSmart 2/.npm-cache/_logs/2026-04-12T16_14_09_742Z-debug-0.log
27 timing npm:load:logFile Completed in 5ms
28 timing npm:load:timers Completed in 0ms
29 timing npm:load:configScope Completed in 0ms
30 timing npm:load Completed in 29ms
31 silly logfile done cleaning log files
32 http fetch GET 200 https://registry.npmjs.org/npm 205ms (cache miss)
33 error Lifecycle script `db:generate` failed with error:
34 error Error: command failed
35 error   in workspace: @dinesmart/api@1.0.0
36 error   at location: /Users/subhrakantabehera/Downloads/DineSmart 2/packages/api
37 timing command:run Completed in 438ms
38 notice
38 notice New [31mmajor[39m version of npm available! [31m9.8.1[39m -> [32m11.12.1[39m
38 notice Changelog: [36mhttps://github.com/npm/cli/releases/tag/v11.12.1[39m
38 notice Run [32mnpm install -g npm@11.12.1[39m to update!
38 notice
39 verbose exit 1
40 timing npm Completed in 506ms
41 verbose code 1
